<?xml version="1.0" encoding="UTF-8"?>
<testsuite xmlns:xsi="http://www.w3.org/2001/XMLSchema-instance" xsi:noNamespaceSchemaLocation="https://maven.apache.org/surefire/maven-surefire-plugin/xsd/surefire-test-report.xsd" version="3.0.2" name="com.keepguard.ms_auth.adapters.in.rest.role.RoleControllerTest" time="0.723" tests="16" errors="0" skipped="0" failures="0">
  <properties>
[...]
</properties>
  <testcase name="shouldUpdateRoleWithUppercaseName" classname="com.keepguard.ms_auth.adapters.in.rest.role.RoleControllerTest" time="0.629">
    <system-out><![CDATA[10:32:50.819 [main] INFO  c.k.m.a.in.rest.role.RoleController - Atualizando role: ebd14061-8355-4b87-b14c-eca691a5921e com nome: admin_updated, application=8886d0a9-77f1-42a8-9ec1-206e377b3c63
10:32:50.822 [main] INFO  c.k.m.a.in.rest.role.RoleController - Role updated: ebd14061-8355-4b87-b14c-eca691a5921e with application: 8886d0a9-77f1-42a8-9ec1-206e377b3c63
]]></system-out>
    <system-err><![CDATA[Mockito is currently self-attaching to enable the inline-mock-maker. This will no longer work in future releases of the JDK. Please add Mockito as an agent to your build as described in Mockito's documentation: https://javadoc.io/doc/org.mockito/mockito-core/latest/org.mockito/org/mockito/Mockito.html#0.3
WARNING: A Java agent has been loaded dynamically (/Users/rafaelnogueirasoares/.m2/repository/net/bytebuddy/byte-buddy-agent/1.17.6/byte-buddy-agent-1.17.6.jar)
WARNING: If a serviceability tool is in use, please run with -XX:+EnableDynamicAgentLoading to hide this warning
WARNING: If a serviceability tool is not in use, please run with -Djdk.instrument.traceUsage for more information
WARNING: Dynamic loading of agents will be disallowed by default in a future release
]]></system-err>
  </testcase>
  <testcase name="shouldListAllRolesSuccessfully" classname="com.keepguard.ms_auth.adapters.in.rest.role.RoleControllerTest" time="0.009">
    <system-out><![CDATA[10:32:50.849 [main] INFO  c.k.m.a.in.rest.role.RoleController - Listando todas as roles, application=04ab5292-70d2-4464-89bd-1ad9ac54bb58
10:32:50.852 [main] INFO  c.k.m.a.in.rest.role.RoleController - Roles listed: 1 total with application: 04ab5292-70d2-4464-89bd-1ad9ac54bb58
]]></system-out>
  </testcase>
  <testcase name="shouldThrowExceptionWhenCreatingRoleWithInvalidData" classname="com.keepguard.ms_auth.adapters.in.rest.role.RoleControllerTest" time="0.012">
    <system-out><![CDATA[10:32:50.860 [main] WARN  c.k.m.a.s.e.AlreadyExistsException - Recurso já existe: Role já existe - Código: RESOURCE_ALREADY_EXISTS - Contexto: {}
10:32:50.863 [main] INFO  c.k.m.a.in.rest.role.RoleController - Criando role: USER, application=805182b7-9cb2-4bc3-933c-3ff290ea7774
]]></system-out>
  </testcase>
  <testcase name="shouldReturnEmptyPageWhenNoRolesInSearch" classname="com.keepguard.ms_auth.adapters.in.rest.role.RoleControllerTest" time="0.007">
    <system-out><![CDATA[10:32:50.871 [main] INFO  c.k.m.a.in.rest.role.RoleController - Buscando roles com paginação: página 0, tamanho 10, application=75924949-dc86-4042-a31a-29db8ec2c196
10:32:50.872 [main] INFO  c.k.m.a.in.rest.role.RoleController - Roles searched: 0 total with application: 75924949-dc86-4042-a31a-29db8ec2c196
]]></system-out>
  </testcase>
  <testcase name="shouldGetRoleByIdSuccessfully" classname="com.keepguard.ms_auth.adapters.in.rest.role.RoleControllerTest" time="0.008">
    <system-out><![CDATA[10:32:50.880 [main] INFO  c.k.m.a.in.rest.role.RoleController - Buscando role por ID: a479fb50-9358-4c53-b5b5-9fb3dfc4473f, application=bc02af83-c89b-4790-a177-d49b14bc74e0
10:32:50.880 [main] INFO  c.k.m.a.in.rest.role.RoleController - Role found: a479fb50-9358-4c53-b5b5-9fb3dfc4473f with application: bc02af83-c89b-4790-a177-d49b14bc74e0
]]></system-out>
  </testcase>
  <testcase name="shouldDeleteRoleSuccessfully" classname="com.keepguard.ms_auth.adapters.in.rest.role.RoleControllerTest" time="0.005">
    <system-out><![CDATA[10:32:50.886 [main] INFO  c.k.m.a.in.rest.role.RoleController - Removendo role: ecc4b1ac-c2f4-48b4-9313-fcd329576d54, application=e0d3f7e2-1f60-4a81-80d1-dabf7896a4da
10:32:50.886 [main] INFO  c.k.m.a.in.rest.role.RoleController - Role deleted: ecc4b1ac-c2f4-48b4-9313-fcd329576d54 with application: e0d3f7e2-1f60-4a81-80d1-dabf7896a4da
]]></system-out>
  </testcase>
  <testcase name="shouldUpdateRoleSuccessfully" classname="com.keepguard.ms_auth.adapters.in.rest.role.RoleControllerTest" time="0.006">
    <system-out><![CDATA[10:32:50.892 [main] INFO  c.k.m.a.in.rest.role.RoleController - Atualizando role: ce890bae-4ec4-4b7e-a1dd-913a0ed8fa5e com nome: ADMIN_UPDATED, application=4f4f53a6-5e01-4551-b61f-bf6daf926bd7
10:32:50.892 [main] INFO  c.k.m.a.in.rest.role.RoleController - Role updated: ce890bae-4ec4-4b7e-a1dd-913a0ed8fa5e with application: 4f4f53a6-5e01-4551-b61f-bf6daf926bd7
]]></system-out>
  </testcase>
  <testcase name="shouldReturnEmptyListWhenNoRoles" classname="com.keepguard.ms_auth.adapters.in.rest.role.RoleControllerTest" time="0.004">
    <system-out><![CDATA[10:32:50.896 [main] INFO  c.k.m.a.in.rest.role.RoleController - Listando todas as roles, application=311e4548-e287-4be2-a828-11038b7f9652
10:32:50.896 [main] INFO  c.k.m.a.in.rest.role.RoleController - Roles listed: 0 total with application: 311e4548-e287-4be2-a828-11038b7f9652
]]></system-out>
  </testcase>
  <testcase name="shouldThrowExceptionWhenUpdatingNonExistentRole" classname="com.keepguard.ms_auth.adapters.in.rest.role.RoleControllerTest" time="0.003">
    <system-out><![CDATA[10:32:50.900 [main] WARN  c.k.m.a.s.e.NotFoundException - Recurso não encontrado: Role não encontrado - Código: RESOURCE_NOT_FOUND - Contexto: {}
10:32:50.900 [main] INFO  c.k.m.a.in.rest.role.RoleController - Atualizando role: 0559f81c-35cd-4f38-b37f-7ad025dc9f6e com nome: ADMIN_UPDATED, application=5dde90b2-02fb-457b-bf9c-3c39cc6a8ff1
]]></system-out>
  </testcase>
  <testcase name="shouldSearchRolesWithPaginationSuccessfully" classname="com.keepguard.ms_auth.adapters.in.rest.role.RoleControllerTest" time="0.002">
    <system-out><![CDATA[10:32:50.904 [main] INFO  c.k.m.a.in.rest.role.RoleController - Buscando roles com paginação: página 0, tamanho 10, application=de3cb0a1-192f-43dd-a0b6-4c3270cdca78
10:32:50.904 [main] INFO  c.k.m.a.in.rest.role.RoleController - Roles searched: 1 total with application: de3cb0a1-192f-43dd-a0b6-4c3270cdca78
]]></system-out>
  </testcase>
  <testcase name="shouldReturn404WhenRoleNotFoundByName" classname="com.keepguard.ms_auth.adapters.in.rest.role.RoleControllerTest" time="0.003">
    <system-out><![CDATA[10:32:50.907 [main] INFO  c.k.m.a.in.rest.role.RoleController - Buscando role por nome: INEXISTENTE, application=b674dde1-2eb2-4687-b575-32a63b6b64ca
10:32:50.907 [main] WARN  c.k.m.a.in.rest.role.RoleController - Role not found by name: INEXISTENTE with application: b674dde1-2eb2-4687-b575-32a63b6b64ca
]]></system-out>
  </testcase>
  <testcase name="shouldReturn404WhenRoleNotFoundById" classname="com.keepguard.ms_auth.adapters.in.rest.role.RoleControllerTest" time="0.004">
    <system-out><![CDATA[10:32:50.911 [main] INFO  c.k.m.a.in.rest.role.RoleController - Buscando role por ID: 67f430bc-15d6-4c2a-b96a-aa7be2ca7e40, application=aeb6a19b-4b09-4fbe-9817-f71aff90f32a
10:32:50.911 [main] WARN  c.k.m.a.in.rest.role.RoleController - Role not found: 67f430bc-15d6-4c2a-b96a-aa7be2ca7e40 with application: aeb6a19b-4b09-4fbe-9817-f71aff90f32a
]]></system-out>
  </testcase>
  <testcase name="shouldCreateRoleWithUppercaseName" classname="com.keepguard.ms_auth.adapters.in.rest.role.RoleControllerTest" time="0.005">
    <system-out><![CDATA[10:32:50.916 [main] INFO  c.k.m.a.in.rest.role.RoleController - Criando role: user, application=4f907d83-28ba-4d61-b419-e50ed8900d1e
10:32:50.917 [main] INFO  c.k.m.a.in.rest.role.RoleController - Role created: 63bbd3f6-946e-4f00-bd59-f40813344e22 with application: 4f907d83-28ba-4d61-b419-e50ed8900d1e
]]></system-out>
  </testcase>
  <testcase name="shouldThrowExceptionWhenDeletingNonExistentRole" classname="com.keepguard.ms_auth.adapters.in.rest.role.RoleControllerTest" time="0.003">
    <system-out><![CDATA[10:32:50.919 [main] WARN  c.k.m.a.s.e.NotFoundException - Recurso não encontrado: Role não encontrado - Código: RESOURCE_NOT_FOUND - Contexto: {}
10:32:50.919 [main] INFO  c.k.m.a.in.rest.role.RoleController - Removendo role: 89a467e8-97e8-44e2-92a3-4cb23483cd87, application=838cc1e1-1733-41b0-bf26-a3b3cacead6b
]]></system-out>
  </testcase>
  <testcase name="shouldGetRoleByNameSuccessfully" classname="com.keepguard.ms_auth.adapters.in.rest.role.RoleControllerTest" time="0.003">
    <system-out><![CDATA[10:32:50.923 [main] INFO  c.k.m.a.in.rest.role.RoleController - Buscando role por nome: ADMIN, application=7c76cfc4-5ae1-4269-a071-3923917775a3
10:32:50.923 [main] INFO  c.k.m.a.in.rest.role.RoleController - Role found by name: ADMIN with application: 7c76cfc4-5ae1-4269-a071-3923917775a3
]]></system-out>
  </testcase>
  <testcase name="shouldCreateRoleSuccessfully" classname="com.keepguard.ms_auth.adapters.in.rest.role.RoleControllerTest" time="0.002">
    <system-out><![CDATA[10:32:50.925 [main] INFO  c.k.m.a.in.rest.role.RoleController - Criando role: USER, application=141f3652-be3d-49b6-b61e-4ccf43e0781d
10:32:50.926 [main] INFO  c.k.m.a.in.rest.role.RoleController - Role created: 1b8d74b6-d2c6-41a4-8e0d-0ee5e2e4e270 with application: 141f3652-be3d-49b6-b61e-4ccf43e0781d
]]></system-out>
  </testcase>
</testsuite>