<?xml version="1.0" encoding="UTF-8"?>
<testsuite xmlns:xsi="http://www.w3.org/2001/XMLSchema-instance" xsi:noNamespaceSchemaLocation="https://maven.apache.org/surefire/maven-surefire-plugin/xsd/surefire-test-report-3.0.xsd" version="3.0" name="com.keepguard.ms_auth.adapters.in.rest.role.RoleControllerTest" time="1.208" tests="16" errors="0" skipped="0" failures="0">
  <properties>
[...]
</properties>
  <testcase name="shouldUpdateRoleWithUppercaseName" classname="com.keepguard.ms_auth.adapters.in.rest.role.RoleControllerTest" time="1.11">
    <system-out><![CDATA[08:19:01.449 [main] INFO  c.k.m.a.in.rest.role.RoleController - Atualizando role: 101b2c8b-a730-419e-8745-6a907f88cf48 com nome: admin_updated, application=c661ae36-d29d-4e0e-94a6-d996e614eb97
08:19:01.454 [main] INFO  c.k.m.a.in.rest.role.RoleController - Role updated: 101b2c8b-a730-419e-8745-6a907f88cf48 with application: c661ae36-d29d-4e0e-94a6-d996e614eb97
]]></system-out>
    <system-err><![CDATA[WARNING: A Java agent has been loaded dynamically (/Users/rafaelnogueirasoares/.m2/repository/net/bytebuddy/byte-buddy-agent/1.14.18/byte-buddy-agent-1.14.18.jar)
WARNING: If a serviceability tool is in use, please run with -XX:+EnableDynamicAgentLoading to hide this warning
WARNING: If a serviceability tool is not in use, please run with -Djdk.instrument.traceUsage for more information
WARNING: Dynamic loading of agents will be disallowed by default in a future release
]]></system-err>
  </testcase>
  <testcase name="shouldListAllRolesSuccessfully" classname="com.keepguard.ms_auth.adapters.in.rest.role.RoleControllerTest" time="0.008">
    <system-out><![CDATA[08:19:01.508 [main] INFO  c.k.m.a.in.rest.role.RoleController - Listando todas as roles, application=1a43339c-1774-4df1-aac5-5653ebc70b87
08:19:01.509 [main] INFO  c.k.m.a.in.rest.role.RoleController - Roles listed: 1 total with application: 1a43339c-1774-4df1-aac5-5653ebc70b87
]]></system-out>
  </testcase>
  <testcase name="shouldThrowExceptionWhenCreatingRoleWithInvalidData" classname="com.keepguard.ms_auth.adapters.in.rest.role.RoleControllerTest" time="0.01">
    <system-out><![CDATA[08:19:01.517 [main] WARN  c.k.m.a.s.e.AlreadyExistsException - Recurso já existe: Role já existe - Código: RESOURCE_ALREADY_EXISTS - Contexto: {}
08:19:01.520 [main] INFO  c.k.m.a.in.rest.role.RoleController - Criando role: USER, application=59b468c0-e163-4556-8a6f-bbccb32bdd21
]]></system-out>
  </testcase>
  <testcase name="shouldReturnEmptyPageWhenNoRolesInSearch" classname="com.keepguard.ms_auth.adapters.in.rest.role.RoleControllerTest" time="0.008">
    <system-out><![CDATA[08:19:01.527 [main] INFO  c.k.m.a.in.rest.role.RoleController - Buscando roles com paginação: página 0, tamanho 10, application=496a3980-556b-4833-acf5-ff8251795172
08:19:01.528 [main] INFO  c.k.m.a.in.rest.role.RoleController - Roles searched: 0 total with application: 496a3980-556b-4833-acf5-ff8251795172
]]></system-out>
  </testcase>
  <testcase name="shouldGetRoleByIdSuccessfully" classname="com.keepguard.ms_auth.adapters.in.rest.role.RoleControllerTest" time="0.006">
    <system-out><![CDATA[08:19:01.536 [main] INFO  c.k.m.a.in.rest.role.RoleController - Buscando role por ID: 5f3188ca-b4e9-4336-a723-9fae4acf7ce7, application=619ae0b8-8c44-45ad-ad11-c36d3ee39346
08:19:01.537 [main] INFO  c.k.m.a.in.rest.role.RoleController - Role found: 5f3188ca-b4e9-4336-a723-9fae4acf7ce7 with application: 619ae0b8-8c44-45ad-ad11-c36d3ee39346
]]></system-out>
  </testcase>
  <testcase name="shouldDeleteRoleSuccessfully" classname="com.keepguard.ms_auth.adapters.in.rest.role.RoleControllerTest" time="0.004">
    <system-out><![CDATA[08:19:01.543 [main] INFO  c.k.m.a.in.rest.role.RoleController - Removendo role: 40b649d1-6939-47c9-9d19-58a83cc2673b, application=6a7baa38-f4bd-4b86-82fb-c4a8c0bf0633
08:19:01.543 [main] INFO  c.k.m.a.in.rest.role.RoleController - Role deleted: 40b649d1-6939-47c9-9d19-58a83cc2673b with application: 6a7baa38-f4bd-4b86-82fb-c4a8c0bf0633
]]></system-out>
  </testcase>
  <testcase name="shouldUpdateRoleSuccessfully" classname="com.keepguard.ms_auth.adapters.in.rest.role.RoleControllerTest" time="0.004">
    <system-out><![CDATA[08:19:01.548 [main] INFO  c.k.m.a.in.rest.role.RoleController - Atualizando role: b51f4520-a859-4baf-839e-9dede5dc9df5 com nome: ADMIN_UPDATED, application=f7274dba-e9a1-486d-a2d8-353168c4284c
08:19:01.548 [main] INFO  c.k.m.a.in.rest.role.RoleController - Role updated: b51f4520-a859-4baf-839e-9dede5dc9df5 with application: f7274dba-e9a1-486d-a2d8-353168c4284c
]]></system-out>
  </testcase>
  <testcase name="shouldReturnEmptyListWhenNoRoles" classname="com.keepguard.ms_auth.adapters.in.rest.role.RoleControllerTest" time="0.002">
    <system-out><![CDATA[08:19:01.551 [main] INFO  c.k.m.a.in.rest.role.RoleController - Listando todas as roles, application=0fd884d0-4612-454d-b2ab-7aadbdf7386c
08:19:01.551 [main] INFO  c.k.m.a.in.rest.role.RoleController - Roles listed: 0 total with application: 0fd884d0-4612-454d-b2ab-7aadbdf7386c
]]></system-out>
  </testcase>
  <testcase name="shouldThrowExceptionWhenUpdatingNonExistentRole" classname="com.keepguard.ms_auth.adapters.in.rest.role.RoleControllerTest" time="0.004">
    <system-out><![CDATA[08:19:01.555 [main] WARN  c.k.m.a.s.e.NotFoundException - Recurso não encontrado: Role não encontrado - Código: RESOURCE_NOT_FOUND - Contexto: {}
08:19:01.556 [main] INFO  c.k.m.a.in.rest.role.RoleController - Atualizando role: 8743a6c6-689d-41ec-bd48-4fa67518e14a com nome: ADMIN_UPDATED, application=132c0adb-8081-46bb-ab69-ea4788f615ea
]]></system-out>
  </testcase>
  <testcase name="shouldSearchRolesWithPaginationSuccessfully" classname="com.keepguard.ms_auth.adapters.in.rest.role.RoleControllerTest" time="0.003">
    <system-out><![CDATA[08:19:01.559 [main] INFO  c.k.m.a.in.rest.role.RoleController - Buscando roles com paginação: página 0, tamanho 10, application=dbc4b27d-2e1f-49ae-b819-60fc24ca2eaa
08:19:01.560 [main] INFO  c.k.m.a.in.rest.role.RoleController - Roles searched: 1 total with application: dbc4b27d-2e1f-49ae-b819-60fc24ca2eaa
]]></system-out>
  </testcase>
  <testcase name="shouldReturn404WhenRoleNotFoundByName" classname="com.keepguard.ms_auth.adapters.in.rest.role.RoleControllerTest" time="0.003">
    <system-out><![CDATA[08:19:01.563 [main] INFO  c.k.m.a.in.rest.role.RoleController - Buscando role por nome: INEXISTENTE, application=ab0d3044-3aa1-4cf7-a45d-144697cf9abb
08:19:01.563 [main] WARN  c.k.m.a.in.rest.role.RoleController - Role not found by name: INEXISTENTE with application: ab0d3044-3aa1-4cf7-a45d-144697cf9abb
]]></system-out>
  </testcase>
  <testcase name="shouldReturn404WhenRoleNotFoundById" classname="com.keepguard.ms_auth.adapters.in.rest.role.RoleControllerTest" time="0.002">
    <system-out><![CDATA[08:19:01.566 [main] INFO  c.k.m.a.in.rest.role.RoleController - Buscando role por ID: efcc1a55-09bb-4dbe-b833-a60315699e20, application=060c249c-6df2-4771-831b-af69ca76a3aa
08:19:01.566 [main] WARN  c.k.m.a.in.rest.role.RoleController - Role not found: efcc1a55-09bb-4dbe-b833-a60315699e20 with application: 060c249c-6df2-4771-831b-af69ca76a3aa
]]></system-out>
  </testcase>
  <testcase name="shouldCreateRoleWithUppercaseName" classname="com.keepguard.ms_auth.adapters.in.rest.role.RoleControllerTest" time="0.003">
    <system-out><![CDATA[08:19:01.569 [main] INFO  c.k.m.a.in.rest.role.RoleController - Criando role: user, application=8928b406-2f2f-4a37-a180-d030b9da8a10
08:19:01.569 [main] INFO  c.k.m.a.in.rest.role.RoleController - Role created: 85ea62e0-b568-4890-bf2f-ad95fd4917e2 with application: 8928b406-2f2f-4a37-a180-d030b9da8a10
]]></system-out>
  </testcase>
  <testcase name="shouldThrowExceptionWhenDeletingNonExistentRole" classname="com.keepguard.ms_auth.adapters.in.rest.role.RoleControllerTest" time="0.002">
    <system-out><![CDATA[08:19:01.571 [main] WARN  c.k.m.a.s.e.NotFoundException - Recurso não encontrado: Role não encontrado - Código: RESOURCE_NOT_FOUND - Contexto: {}
08:19:01.571 [main] INFO  c.k.m.a.in.rest.role.RoleController - Removendo role: 71995265-ed6c-4a89-866e-d6f6fc677cec, application=8577226b-113b-4f9c-a1c8-9b0e73fb74a3
]]></system-out>
  </testcase>
  <testcase name="shouldGetRoleByNameSuccessfully" classname="com.keepguard.ms_auth.adapters.in.rest.role.RoleControllerTest" time="0.002">
    <system-out><![CDATA[08:19:01.574 [main] INFO  c.k.m.a.in.rest.role.RoleController - Buscando role por nome: ADMIN, application=c877936c-1dca-4a2e-b7ea-73523d9bd3d2
08:19:01.574 [main] INFO  c.k.m.a.in.rest.role.RoleController - Role found by name: ADMIN with application: c877936c-1dca-4a2e-b7ea-73523d9bd3d2
]]></system-out>
  </testcase>
  <testcase name="shouldCreateRoleSuccessfully" classname="com.keepguard.ms_auth.adapters.in.rest.role.RoleControllerTest" time="0.001">
    <system-out><![CDATA[08:19:01.576 [main] INFO  c.k.m.a.in.rest.role.RoleController - Criando role: USER, application=e86546a0-ee92-484f-b967-a30dea9c08cf
08:19:01.576 [main] INFO  c.k.m.a.in.rest.role.RoleController - Role created: 53d0708b-7508-41a1-9571-5376f8512ffb with application: e86546a0-ee92-484f-b967-a30dea9c08cf
]]></system-out>
  </testcase>
</testsuite>