<?xml version="1.0" encoding="UTF-8"?>
<testsuite xmlns:xsi="http://www.w3.org/2001/XMLSchema-instance" xsi:noNamespaceSchemaLocation="https://maven.apache.org/surefire/maven-surefire-plugin/xsd/surefire-test-report.xsd" version="3.0.2" name="com.keepguard.ms_auth.adapters.in.rest.user.UserControllerTest" time="0.1" tests="21" errors="0" skipped="0" failures="0">
  <properties>
[...]
</properties>
  <testcase name="shouldGetUserByCodeSuccessfully" classname="com.keepguard.ms_auth.adapters.in.rest.user.UserControllerTest" time="0.042">
    <system-out><![CDATA[10:32:51.096 [main] INFO  c.k.m.a.in.rest.user.UserController - Buscando usuário por código: code-123, tenantIdHeader=73197001-6100-4e54-bfae-dce346317290
10:32:51.097 [main] INFO  c.k.m.a.in.rest.user.UserController - User retrieved by code: code-123 with application: 73197001-6100-4e54-bfae-dce346317290
]]></system-out>
  </testcase>
  <testcase name="shouldTestValidateEmailRequestDTOWithDefaultConstructor" classname="com.keepguard.ms_auth.adapters.in.rest.user.UserControllerTest" time="0.001"/>
  <testcase name="shouldValidateUserEmailSuccessfully" classname="com.keepguard.ms_auth.adapters.in.rest.user.UserControllerTest" time="0.003">
    <system-out><![CDATA[10:32:51.101 [main] INFO  c.k.m.a.in.rest.user.UserController - Validando email para usuário: 67a3e634-a550-42aa-9a43-62be70ecf167, tenantIdHeader=2b43d25b-8117-44b9-a3a5-dd3c4505f5d7
10:32:51.101 [main] INFO  c.k.m.a.in.rest.user.UserController - Email validated for user: 67a3e634-a550-42aa-9a43-62be70ecf167 with application: 2b43d25b-8117-44b9-a3a5-dd3c4505f5d7
]]></system-out>
  </testcase>
  <testcase name="shouldTestUserControllerMapperToDetailsResponseDTOWithValidData" classname="com.keepguard.ms_auth.adapters.in.rest.user.UserControllerTest" time="0.002"/>
  <testcase name="shouldHandleExceptionsDuringEmailValidation" classname="com.keepguard.ms_auth.adapters.in.rest.user.UserControllerTest" time="0.002">
    <system-out><![CDATA[10:32:51.105 [main] INFO  c.k.m.a.in.rest.user.UserController - Validando email para usuário: eb6927a8-dbef-4a02-8739-084adc78294e, tenantIdHeader=207ca5de-06b7-491a-b691-a0681a5833be
]]></system-out>
  </testcase>
  <testcase name="shouldGetUserByEmailSuccessfully" classname="com.keepguard.ms_auth.adapters.in.rest.user.UserControllerTest" time="0.004">
    <system-out><![CDATA[10:32:51.109 [main] INFO  c.k.m.a.in.rest.user.UserController - Buscando usuário por email: test@example.com, tenantIdHeader=5fe9d389-f266-4311-846f-80ba6eebed38
10:32:51.109 [main] INFO  c.k.m.a.in.rest.user.UserController - User retrieved by email: test@example.com with application: 5fe9d389-f266-4311-846f-80ba6eebed38
]]></system-out>
  </testcase>
  <testcase name="shouldTestUserControllerMapperToSearchCriteriaWithValidData" classname="com.keepguard.ms_auth.adapters.in.rest.user.UserControllerTest" time="0.002"/>
  <testcase name="shouldAddRoleToUserSuccessfully" classname="com.keepguard.ms_auth.adapters.in.rest.user.UserControllerTest" time="0.007">
    <system-out><![CDATA[10:32:51.118 [main] INFO  c.k.m.a.in.rest.user.UserController - Adicionando role ROLE_ADMIN ao usuário: ext-123, tenantIdHeader=334fba50-b507-4391-a2c9-b281ee3fd358
10:32:51.118 [main] INFO  c.k.m.a.in.rest.user.UserController - Role added to user: ext-123 - ROLE_ADMIN with application: 334fba50-b507-4391-a2c9-b281ee3fd358
]]></system-out>
  </testcase>
  <testcase name="shouldDeleteUserSuccessfully" classname="com.keepguard.ms_auth.adapters.in.rest.user.UserControllerTest" time="0.004">
    <system-out><![CDATA[10:32:51.123 [main] INFO  c.k.m.a.in.rest.user.UserController - Deletando usuário: ext-123 - Motivo: Test reason, tenantIdHeader=aaf7fe30-bf85-4d23-9c5b-15e4440c96ca
10:32:51.123 [main] INFO  c.k.m.a.in.rest.user.UserController - User deleted: ext-123 with application: aaf7fe30-bf85-4d23-9c5b-15e4440c96ca
]]></system-out>
  </testcase>
  <testcase name="shouldTestUserControllerMapperToResponseDTOWithValidData" classname="com.keepguard.ms_auth.adapters.in.rest.user.UserControllerTest" time="0.001"/>
  <testcase name="shouldHandleExceptionsDuringUserCreation" classname="com.keepguard.ms_auth.adapters.in.rest.user.UserControllerTest" time="0.002">
    <system-out><![CDATA[10:32:51.126 [main] INFO  c.k.m.a.in.rest.user.UserController - Criando usuário: testuser,     tenantIdHeader=35782db5-e252-4670-a410-c3cc40977760
]]></system-out>
  </testcase>
  <testcase name="shouldTestUserControllerMapperToCommandWithValidData" classname="com.keepguard.ms_auth.adapters.in.rest.user.UserControllerTest" time="0.002"/>
  <testcase name="shouldTestValidateEmailRequestDTOWithAllConstructors" classname="com.keepguard.ms_auth.adapters.in.rest.user.UserControllerTest" time="0.001"/>
  <testcase name="shouldRemoveRoleFromUserSuccessfully" classname="com.keepguard.ms_auth.adapters.in.rest.user.UserControllerTest" time="0.002">
    <system-out><![CDATA[10:32:51.132 [main] INFO  c.k.m.a.in.rest.user.UserController - Removendo role ROLE_ADMIN do usuário: ext-123, tenantIdHeader=69394ba6-7f8d-43d7-b3eb-f0301cda722e
10:32:51.132 [main] INFO  c.k.m.a.in.rest.user.UserController - Role removed from user: ext-123 - ROLE_ADMIN with application: 69394ba6-7f8d-43d7-b3eb-f0301cda722e
]]></system-out>
  </testcase>
  <testcase name="shouldUnlockUserSuccessfully" classname="com.keepguard.ms_auth.adapters.in.rest.user.UserControllerTest" time="0.003">
    <system-out><![CDATA[10:32:51.135 [main] INFO  c.k.m.a.in.rest.user.UserController - Desbloqueando usuário: ext-123 - Motivo: Test reason, tenantIdHeader=d880a11f-ab36-4b45-966c-df98dd87fa27
10:32:51.135 [main] INFO  c.k.m.a.in.rest.user.UserController - User unlocked: ext-123 with application: d880a11f-ab36-4b45-966c-df98dd87fa27
]]></system-out>
  </testcase>
  <testcase name="shouldGetUserByIdExternalSuccessfully" classname="com.keepguard.ms_auth.adapters.in.rest.user.UserControllerTest" time="0.003">
    <system-out><![CDATA[10:32:51.137 [main] INFO  c.k.m.a.in.rest.user.UserController - Buscando usuário por ID externo: ext-123, tenantIdHeader=dc989547-31ea-406c-9c3f-bc17e839846c
10:32:51.138 [main] INFO  c.k.m.a.in.rest.user.UserController - User retrieved by external ID: ext-123 with application: dc989547-31ea-406c-9c3f-bc17e839846c
]]></system-out>
  </testcase>
  <testcase name="shouldTestValidateEmailRequestDTOWithValidData" classname="com.keepguard.ms_auth.adapters.in.rest.user.UserControllerTest" time="0.002"/>
  <testcase name="shouldBlockUserSuccessfully" classname="com.keepguard.ms_auth.adapters.in.rest.user.UserControllerTest" time="0.003">
    <system-out><![CDATA[10:32:51.143 [main] INFO  c.k.m.a.in.rest.user.UserController - Bloqueando usuário: ext-123 - Motivo: Test reason, tenantIdHeader=d71321bc-7798-43de-9bf9-7cdd88578dbb
10:32:51.143 [main] INFO  c.k.m.a.in.rest.user.UserController - User blocked: ext-123 with application: d71321bc-7798-43de-9bf9-7cdd88578dbb
]]></system-out>
  </testcase>
  <testcase name="shouldUpdateUserEmailSuccessfully" classname="com.keepguard.ms_auth.adapters.in.rest.user.UserControllerTest" time="0.003">
    <system-out><![CDATA[10:32:51.147 [main] INFO  c.k.m.a.in.rest.user.UserController - Atualizando email do usuário: ext-123 - Novo email: newemail@example.com, tenantIdHeader=f9f6c58f-7fd0-4e41-8cc2-e49d66406596
10:32:51.148 [main] INFO  c.k.m.a.in.rest.user.UserController - Email updated for user: ext-123 - New email: newemail@example.com with application: f9f6c58f-7fd0-4e41-8cc2-e49d66406596
]]></system-out>
  </testcase>
  <testcase name="shouldGetUserByUsernameSuccessfully" classname="com.keepguard.ms_auth.adapters.in.rest.user.UserControllerTest" time="0.003">
    <system-out><![CDATA[10:32:51.151 [main] INFO  c.k.m.a.in.rest.user.UserController - Buscando usuário por username: testuser, tenantIdHeader=08e77dd3-d3d1-4ed2-8aea-7a22f9c41a6f
10:32:51.151 [main] INFO  c.k.m.a.in.rest.user.UserController - User retrieved by username: testuser with application: 08e77dd3-d3d1-4ed2-8aea-7a22f9c41a6f
]]></system-out>
  </testcase>
  <testcase name="shouldCreateUserSuccessfully" classname="com.keepguard.ms_auth.adapters.in.rest.user.UserControllerTest" time="0.002">
    <system-out><![CDATA[10:32:51.153 [main] INFO  c.k.m.a.in.rest.user.UserController - Criando usuário: testuser,     tenantIdHeader=8b680f52-631c-4d8d-87b8-8404f7dbe1bb
10:32:51.154 [main] INFO  c.k.m.a.in.rest.user.UserController - User created: 2c2308fd-3f61-44ae-a3a6-c9b690f2ab72 with application: 8b680f52-631c-4d8d-87b8-8404f7dbe1bb
]]></system-out>
  </testcase>
</testsuite>