<?xml version="1.0" encoding="UTF-8"?>
<testsuite xmlns:xsi="http://www.w3.org/2001/XMLSchema-instance" xsi:noNamespaceSchemaLocation="https://maven.apache.org/surefire/maven-surefire-plugin/xsd/surefire-test-report.xsd" version="3.0.2" name="com.keepguard.ms_auth.application.service.auth.AuthCommandServiceTest" time="0.711" tests="21" errors="0" skipped="0" failures="0">
  <properties>
[...]
</properties>
  <testcase name="shouldThrowExceptionWhenTokenNotValidInRedis" classname="com.keepguard.ms_auth.application.service.auth.AuthCommandServiceTest" time="0.634">
    <system-out><![CDATA[01:00:42.345 [main] INFO  c.k.m.a.s.auth.AuthCommandService - Processing token validation request - application=247e9068-bf83-43c2-8f3d-9fcbc29540d9
01:00:42.349 [main] ERROR c.k.m.a.s.e.InvalidCredentialsException - Erro de credenciais: Token inválido ou expirado - Código: INVALID_TOKEN - Contexto: {application=247e9068-bf83-43c2-8f3d-9fcbc29540d9, codeUser=0c6e74c1-07bf-4175-9d4e-8e17a8e2885f}
]]></system-out>
    <system-err><![CDATA[Mockito is currently self-attaching to enable the inline-mock-maker. This will no longer work in future releases of the JDK. Please add Mockito as an agent to your build as described in Mockito's documentation: https://javadoc.io/doc/org.mockito/mockito-core/latest/org.mockito/org/mockito/Mockito.html#0.3
WARNING: A Java agent has been loaded dynamically (/Users/rafaelnogueirasoares/.m2/repository/net/bytebuddy/byte-buddy-agent/1.17.6/byte-buddy-agent-1.17.6.jar)
WARNING: If a serviceability tool is in use, please run with -XX:+EnableDynamicAgentLoading to hide this warning
WARNING: If a serviceability tool is not in use, please run with -Djdk.instrument.traceUsage for more information
WARNING: Dynamic loading of agents will be disallowed by default in a future release
]]></system-err>
  </testcase>
  <testcase name="shouldThrowExceptionWhenTokenAlreadyRotated" classname="com.keepguard.ms_auth.application.service.auth.AuthCommandServiceTest" time="0.005">
    <system-out><![CDATA[01:00:42.364 [main] INFO  c.k.m.a.s.auth.AuthCommandService - Processing refresh token request - application=83d7c8c4-15b7-428f-9459-f148dd98c47d, clientId=null
01:00:42.365 [main] WARN  c.k.m.a.s.auth.AuthCommandService - Refresh token failed - Token revogado ou já rotacionado: codeUser=51729cf8-1b8d-43b2-b264-bdf144850683, application=83d7c8c4-15b7-428f-9459-f148dd98c47d
01:00:42.365 [main] ERROR c.k.m.a.s.e.InvalidCredentialsException - Erro de credenciais: Token revogado ou sessão encerrada - Código: TOKEN_REVOKED - Contexto: {application=83d7c8c4-15b7-428f-9459-f148dd98c47d, codeUser=51729cf8-1b8d-43b2-b264-bdf144850683}
]]></system-out>
  </testcase>
  <testcase name="shouldValidateTokenSuccessfully" classname="com.keepguard.ms_auth.application.service.auth.AuthCommandServiceTest" time="0.004">
    <system-out><![CDATA[01:00:42.369 [main] INFO  c.k.m.a.s.auth.AuthCommandService - Processing token validation request - application=94de0eba-f5fc-49fb-825f-d2dc17c8879d
]]></system-out>
  </testcase>
  <testcase name="shouldHandleExceptionsDuringLogin" classname="com.keepguard.ms_auth.application.service.auth.AuthCommandServiceTest" time="0.005">
    <system-out><![CDATA[01:00:42.375 [main] INFO  c.k.m.a.s.auth.AuthCommandService - Processing login for username: testuser
]]></system-out>
  </testcase>
  <testcase name="shouldThrowExceptionWhenEmailNotVerified" classname="com.keepguard.ms_auth.application.service.auth.AuthCommandServiceTest" time="0.004">
    <system-out><![CDATA[01:00:42.378 [main] INFO  c.k.m.a.s.auth.AuthCommandService - Processing login for username: testuser
01:00:42.379 [main] WARN  c.k.m.a.s.auth.AuthCommandService - Login failed - Email not verified: username=testuser, userId=c67dc4a7-0cb3-4643-ac3d-2017eee57e66, application=81c590e0-4537-41db-a65d-cacc24c5feae
01:00:42.379 [main] WARN  c.k.m.a.s.e.EmailNotVerifiedException - E-mail não verificado: Email not verified - Código: EMAIL_NOT_VERIFIED - Contexto: {userId=c67dc4a7-0cb3-4643-ac3d-2017eee57e66, application=81c590e0-4537-41db-a65d-cacc24c5feae, username=testuser}
]]></system-out>
  </testcase>
  <testcase name="shouldResetPasswordSuccessfully" classname="com.keepguard.ms_auth.application.service.auth.AuthCommandServiceTest" time="0.005">
    <system-out><![CDATA[01:00:42.383 [main] INFO  c.k.m.a.s.auth.AuthCommandService - Processing password reset request - codeUser=24c2678c-7312-4386-b81a-27e5fd7db0d5, application=6a04e5bf-7505-40a5-b56f-8a475ee070fe, messageType=EMAIL, templateType=RECUPERACAO_SENHA, resetToken=reset-token
01:00:42.384 [main] INFO  c.k.m.a.s.auth.AuthCommandService - Senha resetada com sucesso | codeUser=24c2678c-7312-4386-b81a-27e5fd7db0d5 | messageType=EMAIL | templateType=RECUPERACAO_SENHA
]]></system-out>
  </testcase>
  <testcase name="shouldLogoutSuccessfully" classname="com.keepguard.ms_auth.application.service.auth.AuthCommandServiceTest" time="0.004">
    <system-out><![CDATA[01:00:42.387 [main] INFO  c.k.m.a.s.auth.AuthCommandService - Processing logout request - application=cc4d85cc-1eb7-45df-86f0-627d5a9d94c5
]]></system-out>
  </testcase>
  <testcase name="shouldThrowExceptionWhenJwtTokenIsInvalid" classname="com.keepguard.ms_auth.application.service.auth.AuthCommandServiceTest" time="0.003">
    <system-out><![CDATA[01:00:42.391 [main] INFO  c.k.m.a.s.auth.AuthCommandService - Processing token validation request - application=285d3d93-ad6d-4418-8960-61959a97b299
01:00:42.391 [main] ERROR c.k.m.a.s.e.InvalidCredentialsException - Erro de credenciais: Token inválido ou expirado - Código: INVALID_TOKEN - Contexto: {application=285d3d93-ad6d-4418-8960-61959a97b299}
]]></system-out>
  </testcase>
  <testcase name="shouldThrowExceptionWhenTokenInvalid" classname="com.keepguard.ms_auth.application.service.auth.AuthCommandServiceTest" time="0.003">
    <system-out><![CDATA[01:00:42.394 [main] INFO  c.k.m.a.s.auth.AuthCommandService - Processing refresh token request - application=088110d8-4b7d-4172-a1c9-1e3608125d4f, clientId=null
01:00:42.394 [main] ERROR c.k.m.a.s.e.InvalidCredentialsException - Erro de credenciais: Invalid token - Código: INVALID_TOKEN - Contexto: {application=088110d8-4b7d-4172-a1c9-1e3608125d4f}
]]></system-out>
  </testcase>
  <testcase name="shouldLoginSuccessfully" classname="com.keepguard.ms_auth.application.service.auth.AuthCommandServiceTest" time="0.005">
    <system-out><![CDATA[01:00:42.397 [main] INFO  c.k.m.a.s.auth.AuthCommandService - Processing login for username: testuser
01:00:42.399 [main] INFO  c.k.m.a.s.auth.AuthCommandService - Sessões anteriores invalidadas | codeUser=046f37d4-6d05-4be3-bddc-acaee49ad5ef
]]></system-out>
  </testcase>
  <testcase name="shouldThrowExceptionWhenPasswordsDoNotMatchInChangePassword" classname="com.keepguard.ms_auth.application.service.auth.AuthCommandServiceTest" time="0.002">
    <system-out><![CDATA[01:00:42.402 [main] INFO  c.k.m.a.s.auth.AuthCommandService - Processing password change request - codeUser=code-123, application=5068acf9-12c0-45fb-b533-b9aeceaf4245
]]></system-out>
  </testcase>
  <testcase name="shouldChangePasswordSuccessfully" classname="com.keepguard.ms_auth.application.service.auth.AuthCommandServiceTest" time="0.002">
    <system-out><![CDATA[01:00:42.404 [main] INFO  c.k.m.a.s.auth.AuthCommandService - Processing password change request - codeUser=807af060-58bf-43ef-b439-2885aac21d4f, application=a22a058d-eb85-40fa-b457-2587608c577b
]]></system-out>
  </testcase>
  <testcase name="shouldThrowExceptionWhenUserNotActiveInRefresh" classname="com.keepguard.ms_auth.application.service.auth.AuthCommandServiceTest" time="0.003">
    <system-out><![CDATA[01:00:42.407 [main] INFO  c.k.m.a.s.auth.AuthCommandService - Processing refresh token request - application=fb1d20aa-3882-4cd4-a09c-f706246cbf42, clientId=null
01:00:42.408 [main] ERROR c.k.m.a.s.e.InvalidCredentialsException - Erro de credenciais: User is not active - Código: USER_NOT_ACTIVE - Contexto: {application=fb1d20aa-3882-4cd4-a09c-f706246cbf42, status=BLOCKED, codeUser=78d1315b-6780-4705-886e-213d58165f28}
]]></system-out>
  </testcase>
  <testcase name="shouldThrowExceptionWhenUserNotFound" classname="com.keepguard.ms_auth.application.service.auth.AuthCommandServiceTest" time="0.002">
    <system-out><![CDATA[01:00:42.410 [main] INFO  c.k.m.a.s.auth.AuthCommandService - Processing login for username: testuser
01:00:42.410 [main] WARN  c.k.m.a.s.auth.AuthCommandService - Login failed - User not found: username=testuser, application=5852d845-a58a-422a-9390-1d8a6d46e9c9
01:00:42.410 [main] ERROR c.k.m.a.s.e.InvalidCredentialsException - Erro de credenciais: User not found - Código: USER_NOT_FOUND - Contexto: {username=testuser, application=5852d845-a58a-422a-9390-1d8a6d46e9c9}
]]></system-out>
  </testcase>
  <testcase name="shouldThrowExceptionWhenUserNotFoundInRefresh" classname="com.keepguard.ms_auth.application.service.auth.AuthCommandServiceTest" time="0.002">
    <system-out><![CDATA[01:00:42.412 [main] INFO  c.k.m.a.s.auth.AuthCommandService - Processing refresh token request - application=a42ecb6b-0402-48a0-8602-18d9e083bb5f, clientId=null
01:00:42.412 [main] WARN  c.k.m.a.s.auth.AuthCommandService - Refresh token failed - User not found: codeUser=a8d6a41a-7d86-49aa-b1f4-4eb1597d92d0, application=a42ecb6b-0402-48a0-8602-18d9e083bb5f
01:00:42.413 [main] WARN  c.k.m.a.s.e.NotFoundException - Recurso não encontrado: User not found - Código: USER_NOT_FOUND - Contexto: {application=a42ecb6b-0402-48a0-8602-18d9e083bb5f, codeUser=a8d6a41a-7d86-49aa-b1f4-4eb1597d92d0}
]]></system-out>
  </testcase>
  <testcase name="shouldThrowExceptionWhenPasswordIncorrect" classname="com.keepguard.ms_auth.application.service.auth.AuthCommandServiceTest" time="0.001">
    <system-out><![CDATA[01:00:42.415 [main] INFO  c.k.m.a.s.auth.AuthCommandService - Processing login for username: testuser
01:00:42.415 [main] WARN  c.k.m.a.s.auth.AuthCommandService - Login failed - Invalid password: username=testuser, userId=caa0d60e-94b9-45b8-ba17-0f69372d9fd5, application=d40cd43f-4d8d-41ca-b3d1-4d1dd4b648fb
01:00:42.415 [main] ERROR c.k.m.a.s.e.InvalidCredentialsException - Erro de credenciais: Invalid password - Código: INVALID_PASSWORD - Contexto: {userId=caa0d60e-94b9-45b8-ba17-0f69372d9fd5, application=d40cd43f-4d8d-41ca-b3d1-4d1dd4b648fb, username=testuser}
]]></system-out>
  </testcase>
  <testcase name="shouldThrowExceptionWhenUserNotActive" classname="com.keepguard.ms_auth.application.service.auth.AuthCommandServiceTest" time="0.003">
    <system-out><![CDATA[01:00:42.418 [main] INFO  c.k.m.a.s.auth.AuthCommandService - Processing login for username: testuser
01:00:42.418 [main] WARN  c.k.m.a.s.auth.AuthCommandService - Login failed - User not active: username=testuser, userId=38d81d7a-4b11-4d9a-bb0a-083d9309d3b0, status=BLOCKED, application=78e864e8-062a-428e-ac19-f8eebbc6b88c
01:00:42.418 [main] ERROR c.k.m.a.s.e.InvalidCredentialsException - Erro de credenciais: User is not active - Código: USER_NOT_ACTIVE - Contexto: {username=testuser, status=BLOCKED, application=78e864e8-062a-428e-ac19-f8eebbc6b88c, userId=38d81d7a-4b11-4d9a-bb0a-083d9309d3b0}
]]></system-out>
  </testcase>
  <testcase name="shouldRefreshTokenSuccessfully" classname="com.keepguard.ms_auth.application.service.auth.AuthCommandServiceTest" time="0.003">
    <system-out><![CDATA[01:00:42.421 [main] INFO  c.k.m.a.s.auth.AuthCommandService - Processing refresh token request - application=3d21420c-e6e6-40b2-9438-73f74d8e614e, clientId=null
]]></system-out>
  </testcase>
  <testcase name="shouldThrowExceptionOnLogoutWhenTokenInvalid" classname="com.keepguard.ms_auth.application.service.auth.AuthCommandServiceTest" time="0.002">
    <system-out><![CDATA[01:00:42.423 [main] INFO  c.k.m.a.s.auth.AuthCommandService - Processing logout request - application=3b3c3631-b848-4288-9278-8af75b8bdf31
01:00:42.423 [main] WARN  c.k.m.a.s.auth.AuthCommandService - Logout failed - Token com assinatura inválida: application=3b3c3631-b848-4288-9278-8af75b8bdf31
01:00:42.424 [main] ERROR c.k.m.a.s.e.InvalidCredentialsException - Erro de credenciais: Token inválido - Código: INVALID_TOKEN - Contexto: {application=3b3c3631-b848-4288-9278-8af75b8bdf31}
]]></system-out>
  </testcase>
  <testcase name="shouldThrowExceptionOnLogoutWhenSessionAlreadyTerminated" classname="com.keepguard.ms_auth.application.service.auth.AuthCommandServiceTest" time="0.003">
    <system-out><![CDATA[01:00:42.426 [main] INFO  c.k.m.a.s.auth.AuthCommandService - Processing logout request - application=1d01ac71-5c90-4292-a48f-202febf66cdd
01:00:42.426 [main] WARN  c.k.m.a.s.auth.AuthCommandService - Logout failed - Sessão já encerrada ou token revogado: codeUser=4e0b89c0-93c6-41d5-9e51-b6bf039d593c, application=1d01ac71-5c90-4292-a48f-202febf66cdd
01:00:42.426 [main] ERROR c.k.m.a.s.e.InvalidCredentialsException - Erro de credenciais: Sessão já encerrada - Código: SESSION_ALREADY_TERMINATED - Contexto: {application=1d01ac71-5c90-4292-a48f-202febf66cdd, codeUser=4e0b89c0-93c6-41d5-9e51-b6bf039d593c}
]]></system-out>
  </testcase>
  <testcase name="shouldUpdateUserLastLogin" classname="com.keepguard.ms_auth.application.service.auth.AuthCommandServiceTest" time="0.002">
    <system-out><![CDATA[01:00:42.428 [main] INFO  c.k.m.a.s.auth.AuthCommandService - Processing login for username: testuser
01:00:42.429 [main] INFO  c.k.m.a.s.auth.AuthCommandService - Sessões anteriores invalidadas | codeUser=50316394-686a-4295-b705-65c07a2d0246
]]></system-out>
  </testcase>
</testsuite>